<?xml version="1.0" encoding="UTF-8"?>
<!-- Generated by org.testng.reporters.JUnitReportReporter -->
<testsuite skipped="0" hostname="LAPTOP-8K2AQS5L" name="Hotelapp_Login.HomePageTest" tests="3" failures="0" timestamp="17 Mar 2022 16:45:32 GMT" time="12.450" errors="0">
  <testcase name="getSubcritionMsg" time="2.778" classname="Hotelapp_Login.HomePageTest"/>
  <testcase name="getTabDispaly" time="0.224" classname="Hotelapp_Login.HomePageTest"/>
  <testcase name="TabVerification" time="9.448" classname="Hotelapp_Login.HomePageTest"/>
</testsuite> <!-- Hotelapp_Login.HomePageTest -->
