<?xml version="1.0" encoding="UTF-8"?>
<!-- Generated by org.testng.reporters.JUnitReportReporter -->
<testsuite skipped="0" hostname="LAPTOP-8K2AQS5L" name="Hotelapp_Login.addToCartTest" tests="1" failures="0" timestamp="11 Mar 2022 03:27:52 GMT" time="5.762" errors="0">
  <testcase name="AddtoCatd" time="5.762" classname="Hotelapp_Login.addToCartTest"/>
</testsuite> <!-- Hotelapp_Login.addToCartTest -->
