<?xml version="1.0" encoding="UTF-8"?>
<!-- Generated by org.testng.reporters.JUnitReportReporter -->
<testsuite skipped="0" hostname="LAPTOP-8K2AQS5L" name="Hotelapp_Login.orderDressTest" tests="1" failures="0" timestamp="15 Mar 2022 07:45:01 GMT" time="33.806" errors="0">
  <testcase name="dressOrdered" time="33.806" classname="Hotelapp_Login.orderDressTest"/>
</testsuite> <!-- Hotelapp_Login.orderDressTest -->
