<?xml version="1.0" encoding="UTF-8"?>
<!-- Generated by org.testng.reporters.JUnitReportReporter -->
<testsuite skipped="0" hostname="LAPTOP-8K2AQS5L" name="Hotelapp_Login.dressPageTest" tests="1" failures="0" timestamp="10 Mar 2022 18:14:06 GMT" time="2.823" errors="0">
  <testcase name="verifySizelist" time="2.823" classname="Hotelapp_Login.dressPageTest"/>
</testsuite> <!-- Hotelapp_Login.dressPageTest -->
