<?xml version="1.0" encoding="UTF-8"?>
<!-- Generated by org.testng.reporters.JUnitReportReporter -->
<testsuite skipped="0" hostname="LAPTOP-8K2AQS5L" name="Hotelapp_Login.Login_Test" tests="1" failures="0" timestamp="06 Mar 2022 05:31:03 GMT" time="1.017" errors="0">
  <testcase name="verifyInvalidLogin" time="1.017" classname="Hotelapp_Login.Login_Test"/>
</testsuite> <!-- Hotelapp_Login.Login_Test -->
