<?xml version="1.0" encoding="UTF-8"?>
<!-- Generated by org.testng.reporters.JUnitReportReporter -->
<testsuite skipped="0" hostname="LAPTOP-8K2AQS5L" name="Hotelapp_Login.HomePageTest" tests="3" failures="0" timestamp="10 Mar 2022 18:14:06 GMT" time="29.128" errors="0">
  <testcase name="getTabDispaly" time="0.167" classname="Hotelapp_Login.HomePageTest"/>
  <testcase name="TabVerification" time="24.753" classname="Hotelapp_Login.HomePageTest"/>
  <testcase name="getSubcritionMsg" time="4.208" classname="Hotelapp_Login.HomePageTest"/>
</testsuite> <!-- Hotelapp_Login.HomePageTest -->
