<?xml version="1.0" encoding="UTF-8"?>
<!-- Generated by org.testng.reporters.JUnitReportReporter -->
<testsuite skipped="0" hostname="LAPTOP-8K2AQS5L" name="Hotelapp_Login.TweetPageTest" tests="2" failures="0" timestamp="10 Mar 2022 18:14:06 GMT" time="8.121" errors="0">
  <testcase name="discribtionWordCount" time="0.082" classname="Hotelapp_Login.TweetPageTest"/>
  <testcase name="btnVerifyTweet" time="8.039" classname="Hotelapp_Login.TweetPageTest"/>
</testsuite> <!-- Hotelapp_Login.TweetPageTest -->
