<?xml version="1.0" encoding="UTF-8"?>
<!-- Generated by org.testng.reporters.JUnitReportReporter -->
<testsuite skipped="0" hostname="LAPTOP-8K2AQS5L" name="Hotelapp_Login.dressHomepageVerication" tests="3" failures="0" timestamp="07 Mar 2022 04:42:17 GMT" time="0.358" errors="0">
  <testcase name="displayverifyTshirt" time="0.103" classname="Hotelapp_Login.dressHomepageVerication"/>
  <testcase name="displayverifyWomen" time="0.086" classname="Hotelapp_Login.dressHomepageVerication"/>
  <testcase name="displayverifyDress" time="0.169" classname="Hotelapp_Login.dressHomepageVerication"/>
</testsuite> <!-- Hotelapp_Login.dressHomepageVerication -->
