<?xml version="1.0" encoding="UTF-8"?>
<!-- Generated by org.testng.reporters.JUnitReportReporter -->
<testsuite hostname="LAPTOP-8K2AQS5L" name="Hotelapp_Login.dressPageMatch" tests="1" failures="0" timestamp="17 Mar 2022 16:41:18 GMT" time="3.270" errors="0">
  <testcase name="VerifyProductCountMatch" time="3.270" classname="Hotelapp_Login.dressPageMatch"/>
</testsuite> <!-- Hotelapp_Login.dressPageMatch -->
