<?xml version="1.0" encoding="UTF-8"?>
<!-- Generated by org.testng.reporters.JUnitReportReporter -->
<testsuite hostname="LAPTOP-8K2AQS5L" name="Hotelapp_Login.TweetPageTest" tests="2" failures="0" timestamp="17 Mar 2022 16:41:18 GMT" time="4.843" errors="0">
  <testcase name="btnVerifyTweet" time="4.776" classname="Hotelapp_Login.TweetPageTest"/>
  <testcase name="discribtionWordCount" time="0.067" classname="Hotelapp_Login.TweetPageTest"/>
</testsuite> <!-- Hotelapp_Login.TweetPageTest -->
