<?xml version="1.0" encoding="UTF-8"?>
<!-- Generated by org.testng.reporters.JUnitReportReporter -->
<testsuite hostname="LAPTOP-8K2AQS5L" name="Hotelapp_Login.orderDressTest" tests="1" failures="0" timestamp="17 Mar 2022 16:41:18 GMT" time="33.410" errors="0">
  <testcase name="dressOrdered" time="33.410" classname="Hotelapp_Login.orderDressTest"/>
</testsuite> <!-- Hotelapp_Login.orderDressTest -->
