<?xml version="1.0" encoding="UTF-8"?>
<!-- Generated by org.testng.reporters.JUnitReportReporter -->
<testsuite hostname="LAPTOP-8K2AQS5L" name="Hotelapp_Login.HomePageTest" tests="3" failures="0" timestamp="17 Mar 2022 16:41:18 GMT" time="20.297" errors="0">
  <testcase name="TabVerification" time="17.202" classname="Hotelapp_Login.HomePageTest"/>
  <testcase name="getSubcritionMsg" time="2.944" classname="Hotelapp_Login.HomePageTest"/>
  <testcase name="getTabDispaly" time="0.151" classname="Hotelapp_Login.HomePageTest"/>
</testsuite> <!-- Hotelapp_Login.HomePageTest -->
